2025-07-01 12:36:54 [ERROR] uncaughtException: Unexpected token '.'
/home/app/server/routes/auth.js:104
    const token = req.headers.authorization?.replace('Bearer ', '');
                                            ^

SyntaxError: Unexpected token '.'
    at wrapSafe (internal/modules/cjs/loader.js:915:16)
    at Module._compile (internal/modules/cjs/loader.js:963:27)
    at Object.Module._extensions..js (internal/modules/cjs/loader.js:1027:10)
    at Module.load (internal/modules/cjs/loader.js:863:32)
    at Function.Module._load (internal/modules/cjs/loader.js:708:14)
    at Module.require (internal/modules/cjs/loader.js:887:19)
    at require (internal/modules/cjs/helpers.js:85:18)
    at Object.<anonymous> (/home/app/server/index.js:12:20)
    at Module._compile (internal/modules/cjs/loader.js:999:30)
    at Object.Module._extensions..js (internal/modules/cjs/loader.js:1027:10) {"error":{},"stack":"/home/app/server/routes/auth.js:104\n    const token = req.headers.authorization?.replace('Bearer ', '');\n                                            ^\n\nSyntaxError: Unexpected token '.'\n    at wrapSafe (internal/modules/cjs/loader.js:915:16)\n    at Module._compile (internal/modules/cjs/loader.js:963:27)\n    at Object.Module._extensions..js (internal/modules/cjs/loader.js:1027:10)\n    at Module.load (internal/modules/cjs/loader.js:863:32)\n    at Function.Module._load (internal/modules/cjs/loader.js:708:14)\n    at Module.require (internal/modules/cjs/loader.js:887:19)\n    at require (internal/modules/cjs/helpers.js:85:18)\n    at Object.<anonymous> (/home/app/server/index.js:12:20)\n    at Module._compile (internal/modules/cjs/loader.js:999:30)\n    at Object.Module._extensions..js (internal/modules/cjs/loader.js:1027:10)","exception":true,"date":"Tue Jul 01 2025 12:36:54 GMT+0000 (Coordinated Universal Time)","process":{"pid":168887,"uid":0,"gid":0,"cwd":"/home/app","execPath":"/usr/bin/node","version":"v12.22.9","argv":["/usr/bin/node","/home/app/server/index.js"],"memoryUsage":{"rss":70516736,"heapTotal":32493568,"heapUsed":18874728,"external":1761904,"arrayBuffers":388518}},"os":{"loadavg":[2.59,1.27,0.53],"uptime":1600032.78},"trace":[{"column":16,"file":"internal/modules/cjs/loader.js","function":"wrapSafe","line":915,"method":null,"native":false},{"column":27,"file":"internal/modules/cjs/loader.js","function":"Module._compile","line":963,"method":"_compile","native":false},{"column":10,"file":"internal/modules/cjs/loader.js","function":"Module._extensions..js","line":1027,"method":".js","native":false},{"column":32,"file":"internal/modules/cjs/loader.js","function":"Module.load","line":863,"method":"load","native":false},{"column":14,"file":"internal/modules/cjs/loader.js","function":"Module._load","line":708,"method":"_load","native":false},{"column":19,"file":"internal/modules/cjs/loader.js","function":"Module.require","line":887,"method":"require","native":false},{"column":18,"file":"internal/modules/cjs/helpers.js","function":"require","line":85,"method":null,"native":false},{"column":20,"file":"/home/app/server/index.js","function":null,"line":12,"method":null,"native":false},{"column":30,"file":"internal/modules/cjs/loader.js","function":"Module._compile","line":999,"method":"_compile","native":false},{"column":10,"file":"internal/modules/cjs/loader.js","function":"Module._extensions..js","line":1027,"method":".js","native":false}]}
2025-07-01 12:37:50 [ERROR] uncaughtException: Unexpected token '.'
/home/app/server/routes/auth.js:104
    const token = req.headers.authorization?.replace('Bearer ', '');
                                            ^

SyntaxError: Unexpected token '.'
    at wrapSafe (internal/modules/cjs/loader.js:915:16)
    at Module._compile (internal/modules/cjs/loader.js:963:27)
    at Object.Module._extensions..js (internal/modules/cjs/loader.js:1027:10)
    at Module.load (internal/modules/cjs/loader.js:863:32)
    at Function.Module._load (internal/modules/cjs/loader.js:708:14)
    at Module.require (internal/modules/cjs/loader.js:887:19)
    at require (internal/modules/cjs/helpers.js:85:18)
    at Object.<anonymous> (/home/app/server/index.js:12:20)
    at Module._compile (internal/modules/cjs/loader.js:999:30)
    at Object.Module._extensions..js (internal/modules/cjs/loader.js:1027:10) {"error":{},"stack":"/home/app/server/routes/auth.js:104\n    const token = req.headers.authorization?.replace('Bearer ', '');\n                                            ^\n\nSyntaxError: Unexpected token '.'\n    at wrapSafe (internal/modules/cjs/loader.js:915:16)\n    at Module._compile (internal/modules/cjs/loader.js:963:27)\n    at Object.Module._extensions..js (internal/modules/cjs/loader.js:1027:10)\n    at Module.load (internal/modules/cjs/loader.js:863:32)\n    at Function.Module._load (internal/modules/cjs/loader.js:708:14)\n    at Module.require (internal/modules/cjs/loader.js:887:19)\n    at require (internal/modules/cjs/helpers.js:85:18)\n    at Object.<anonymous> (/home/app/server/index.js:12:20)\n    at Module._compile (internal/modules/cjs/loader.js:999:30)\n    at Object.Module._extensions..js (internal/modules/cjs/loader.js:1027:10)","exception":true,"date":"Tue Jul 01 2025 12:37:50 GMT+0000 (Coordinated Universal Time)","process":{"pid":168989,"uid":0,"gid":0,"cwd":"/home/app","execPath":"/usr/bin/node","version":"v12.22.9","argv":["/usr/bin/node","/home/app/server/index.js"],"memoryUsage":{"rss":71335936,"heapTotal":32231424,"heapUsed":18968592,"external":1788192,"arrayBuffers":414806}},"os":{"loadavg":[1.68,1.24,0.56],"uptime":1600088.72},"trace":[{"column":16,"file":"internal/modules/cjs/loader.js","function":"wrapSafe","line":915,"method":null,"native":false},{"column":27,"file":"internal/modules/cjs/loader.js","function":"Module._compile","line":963,"method":"_compile","native":false},{"column":10,"file":"internal/modules/cjs/loader.js","function":"Module._extensions..js","line":1027,"method":".js","native":false},{"column":32,"file":"internal/modules/cjs/loader.js","function":"Module.load","line":863,"method":"load","native":false},{"column":14,"file":"internal/modules/cjs/loader.js","function":"Module._load","line":708,"method":"_load","native":false},{"column":19,"file":"internal/modules/cjs/loader.js","function":"Module.require","line":887,"method":"require","native":false},{"column":18,"file":"internal/modules/cjs/helpers.js","function":"require","line":85,"method":null,"native":false},{"column":20,"file":"/home/app/server/index.js","function":null,"line":12,"method":null,"native":false},{"column":30,"file":"internal/modules/cjs/loader.js","function":"Module._compile","line":999,"method":"_compile","native":false},{"column":10,"file":"internal/modules/cjs/loader.js","function":"Module._extensions..js","line":1027,"method":".js","native":false}]}
2025-07-01 13:05:52 [ERROR] uncaughtException: Unexpected token '.'
/home/app/server/routes/auth.js:104
    const token = req.headers.authorization?.replace('Bearer ', '');
                                            ^

SyntaxError: Unexpected token '.'
    at wrapSafe (internal/modules/cjs/loader.js:915:16)
    at Module._compile (internal/modules/cjs/loader.js:963:27)
    at Object.Module._extensions..js (internal/modules/cjs/loader.js:1027:10)
    at Module.load (internal/modules/cjs/loader.js:863:32)
    at Function.Module._load (internal/modules/cjs/loader.js:708:14)
    at Module.require (internal/modules/cjs/loader.js:887:19)
    at require (internal/modules/cjs/helpers.js:85:18)
    at Object.<anonymous> (/home/app/server/index.js:12:20)
    at Module._compile (internal/modules/cjs/loader.js:999:30)
    at Object.Module._extensions..js (internal/modules/cjs/loader.js:1027:10) {"error":{},"stack":"/home/app/server/routes/auth.js:104\n    const token = req.headers.authorization?.replace('Bearer ', '');\n                                            ^\n\nSyntaxError: Unexpected token '.'\n    at wrapSafe (internal/modules/cjs/loader.js:915:16)\n    at Module._compile (internal/modules/cjs/loader.js:963:27)\n    at Object.Module._extensions..js (internal/modules/cjs/loader.js:1027:10)\n    at Module.load (internal/modules/cjs/loader.js:863:32)\n    at Function.Module._load (internal/modules/cjs/loader.js:708:14)\n    at Module.require (internal/modules/cjs/loader.js:887:19)\n    at require (internal/modules/cjs/helpers.js:85:18)\n    at Object.<anonymous> (/home/app/server/index.js:12:20)\n    at Module._compile (internal/modules/cjs/loader.js:999:30)\n    at Object.Module._extensions..js (internal/modules/cjs/loader.js:1027:10)","exception":true,"date":"Tue Jul 01 2025 13:05:52 GMT+0000 (Coordinated Universal Time)","process":{"pid":170783,"uid":0,"gid":0,"cwd":"/home/app","execPath":"/usr/bin/node","version":"v12.22.9","argv":["/usr/bin/node","/home/app/server/index.js"],"memoryUsage":{"rss":70287360,"heapTotal":32755712,"heapUsed":18589104,"external":1719610,"arrayBuffers":358455}},"os":{"loadavg":[0.52,0.59,0.47],"uptime":1601770},"trace":[{"column":16,"file":"internal/modules/cjs/loader.js","function":"wrapSafe","line":915,"method":null,"native":false},{"column":27,"file":"internal/modules/cjs/loader.js","function":"Module._compile","line":963,"method":"_compile","native":false},{"column":10,"file":"internal/modules/cjs/loader.js","function":"Module._extensions..js","line":1027,"method":".js","native":false},{"column":32,"file":"internal/modules/cjs/loader.js","function":"Module.load","line":863,"method":"load","native":false},{"column":14,"file":"internal/modules/cjs/loader.js","function":"Module._load","line":708,"method":"_load","native":false},{"column":19,"file":"internal/modules/cjs/loader.js","function":"Module.require","line":887,"method":"require","native":false},{"column":18,"file":"internal/modules/cjs/helpers.js","function":"require","line":85,"method":null,"native":false},{"column":20,"file":"/home/app/server/index.js","function":null,"line":12,"method":null,"native":false},{"column":30,"file":"internal/modules/cjs/loader.js","function":"Module._compile","line":999,"method":"_compile","native":false},{"column":10,"file":"internal/modules/cjs/loader.js","function":"Module._extensions..js","line":1027,"method":".js","native":false}]}
2025-07-01 13:06:44 [ERROR] uncaughtException: Unexpected token '.'
/home/app/server/routes/auth.js:104
    const token = req.headers.authorization?.replace('Bearer ', '');
                                            ^

SyntaxError: Unexpected token '.'
    at wrapSafe (internal/modules/cjs/loader.js:915:16)
    at Module._compile (internal/modules/cjs/loader.js:963:27)
    at Object.Module._extensions..js (internal/modules/cjs/loader.js:1027:10)
    at Module.load (internal/modules/cjs/loader.js:863:32)
    at Function.Module._load (internal/modules/cjs/loader.js:708:14)
    at Module.require (internal/modules/cjs/loader.js:887:19)
    at require (internal/modules/cjs/helpers.js:85:18)
    at Object.<anonymous> (/home/app/server/index.js:12:20)
    at Module._compile (internal/modules/cjs/loader.js:999:30)
    at Object.Module._extensions..js (internal/modules/cjs/loader.js:1027:10) {"error":{},"stack":"/home/app/server/routes/auth.js:104\n    const token = req.headers.authorization?.replace('Bearer ', '');\n                                            ^\n\nSyntaxError: Unexpected token '.'\n    at wrapSafe (internal/modules/cjs/loader.js:915:16)\n    at Module._compile (internal/modules/cjs/loader.js:963:27)\n    at Object.Module._extensions..js (internal/modules/cjs/loader.js:1027:10)\n    at Module.load (internal/modules/cjs/loader.js:863:32)\n    at Function.Module._load (internal/modules/cjs/loader.js:708:14)\n    at Module.require (internal/modules/cjs/loader.js:887:19)\n    at require (internal/modules/cjs/helpers.js:85:18)\n    at Object.<anonymous> (/home/app/server/index.js:12:20)\n    at Module._compile (internal/modules/cjs/loader.js:999:30)\n    at Object.Module._extensions..js (internal/modules/cjs/loader.js:1027:10)","exception":true,"date":"Tue Jul 01 2025 13:06:44 GMT+0000 (Coordinated Universal Time)","process":{"pid":170889,"uid":0,"gid":0,"cwd":"/home/app","execPath":"/usr/bin/node","version":"v12.22.9","argv":["/usr/bin/node","/home/app/server/index.js"],"memoryUsage":{"rss":70594560,"heapTotal":32755712,"heapUsed":18756992,"external":1719610,"arrayBuffers":358455}},"os":{"loadavg":[0.28,0.5,0.45],"uptime":1601822.38},"trace":[{"column":16,"file":"internal/modules/cjs/loader.js","function":"wrapSafe","line":915,"method":null,"native":false},{"column":27,"file":"internal/modules/cjs/loader.js","function":"Module._compile","line":963,"method":"_compile","native":false},{"column":10,"file":"internal/modules/cjs/loader.js","function":"Module._extensions..js","line":1027,"method":".js","native":false},{"column":32,"file":"internal/modules/cjs/loader.js","function":"Module.load","line":863,"method":"load","native":false},{"column":14,"file":"internal/modules/cjs/loader.js","function":"Module._load","line":708,"method":"_load","native":false},{"column":19,"file":"internal/modules/cjs/loader.js","function":"Module.require","line":887,"method":"require","native":false},{"column":18,"file":"internal/modules/cjs/helpers.js","function":"require","line":85,"method":null,"native":false},{"column":20,"file":"/home/app/server/index.js","function":null,"line":12,"method":null,"native":false},{"column":30,"file":"internal/modules/cjs/loader.js","function":"Module._compile","line":999,"method":"_compile","native":false},{"column":10,"file":"internal/modules/cjs/loader.js","function":"Module._extensions..js","line":1027,"method":".js","native":false}]}
2025-07-01 13:09:32 [ERROR] uncaughtException: Unexpected token '.'
/home/app/server/routes/auth.js:104
    const token = req.headers.authorization?.replace('Bearer ', '');
                                            ^

SyntaxError: Unexpected token '.'
    at wrapSafe (internal/modules/cjs/loader.js:915:16)
    at Module._compile (internal/modules/cjs/loader.js:963:27)
    at Object.Module._extensions..js (internal/modules/cjs/loader.js:1027:10)
    at Module.load (internal/modules/cjs/loader.js:863:32)
    at Function.Module._load (internal/modules/cjs/loader.js:708:14)
    at Module.require (internal/modules/cjs/loader.js:887:19)
    at require (internal/modules/cjs/helpers.js:85:18)
    at Object.<anonymous> (/home/app/server/index.js:12:20)
    at Module._compile (internal/modules/cjs/loader.js:999:30)
    at Object.Module._extensions..js (internal/modules/cjs/loader.js:1027:10) {"error":{},"stack":"/home/app/server/routes/auth.js:104\n    const token = req.headers.authorization?.replace('Bearer ', '');\n                                            ^\n\nSyntaxError: Unexpected token '.'\n    at wrapSafe (internal/modules/cjs/loader.js:915:16)\n    at Module._compile (internal/modules/cjs/loader.js:963:27)\n    at Object.Module._extensions..js (internal/modules/cjs/loader.js:1027:10)\n    at Module.load (internal/modules/cjs/loader.js:863:32)\n    at Function.Module._load (internal/modules/cjs/loader.js:708:14)\n    at Module.require (internal/modules/cjs/loader.js:887:19)\n    at require (internal/modules/cjs/helpers.js:85:18)\n    at Object.<anonymous> (/home/app/server/index.js:12:20)\n    at Module._compile (internal/modules/cjs/loader.js:999:30)\n    at Object.Module._extensions..js (internal/modules/cjs/loader.js:1027:10)","exception":true,"date":"Tue Jul 01 2025 13:09:32 GMT+0000 (Coordinated Universal Time)","process":{"pid":171192,"uid":0,"gid":0,"cwd":"/home/app","execPath":"/usr/bin/node","version":"v12.22.9","argv":["/usr/bin/node","/home/app/server/index.js"],"memoryUsage":{"rss":70377472,"heapTotal":32755712,"heapUsed":18754824,"external":1749673,"arrayBuffers":388518}},"os":{"loadavg":[0.7,0.51,0.45],"uptime":1601990.16},"trace":[{"column":16,"file":"internal/modules/cjs/loader.js","function":"wrapSafe","line":915,"method":null,"native":false},{"column":27,"file":"internal/modules/cjs/loader.js","function":"Module._compile","line":963,"method":"_compile","native":false},{"column":10,"file":"internal/modules/cjs/loader.js","function":"Module._extensions..js","line":1027,"method":".js","native":false},{"column":32,"file":"internal/modules/cjs/loader.js","function":"Module.load","line":863,"method":"load","native":false},{"column":14,"file":"internal/modules/cjs/loader.js","function":"Module._load","line":708,"method":"_load","native":false},{"column":19,"file":"internal/modules/cjs/loader.js","function":"Module.require","line":887,"method":"require","native":false},{"column":18,"file":"internal/modules/cjs/helpers.js","function":"require","line":85,"method":null,"native":false},{"column":20,"file":"/home/app/server/index.js","function":null,"line":12,"method":null,"native":false},{"column":30,"file":"internal/modules/cjs/loader.js","function":"Module._compile","line":999,"method":"_compile","native":false},{"column":10,"file":"internal/modules/cjs/loader.js","function":"Module._extensions..js","line":1027,"method":".js","native":false}]}
2025-07-01 13:10:25 [ERROR] uncaughtException: Unexpected token '.'
/home/app/server/routes/auth.js:104
    const token = req.headers.authorization?.replace('Bearer ', '');
                                            ^

SyntaxError: Unexpected token '.'
    at wrapSafe (internal/modules/cjs/loader.js:915:16)
    at Module._compile (internal/modules/cjs/loader.js:963:27)
    at Object.Module._extensions..js (internal/modules/cjs/loader.js:1027:10)
    at Module.load (internal/modules/cjs/loader.js:863:32)
    at Function.Module._load (internal/modules/cjs/loader.js:708:14)
    at Module.require (internal/modules/cjs/loader.js:887:19)
    at require (internal/modules/cjs/helpers.js:85:18)
    at Object.<anonymous> (/home/app/server/index.js:12:20)
    at Module._compile (internal/modules/cjs/loader.js:999:30)
    at Object.Module._extensions..js (internal/modules/cjs/loader.js:1027:10) {"error":{},"stack":"/home/app/server/routes/auth.js:104\n    const token = req.headers.authorization?.replace('Bearer ', '');\n                                            ^\n\nSyntaxError: Unexpected token '.'\n    at wrapSafe (internal/modules/cjs/loader.js:915:16)\n    at Module._compile (internal/modules/cjs/loader.js:963:27)\n    at Object.Module._extensions..js (internal/modules/cjs/loader.js:1027:10)\n    at Module.load (internal/modules/cjs/loader.js:863:32)\n    at Function.Module._load (internal/modules/cjs/loader.js:708:14)\n    at Module.require (internal/modules/cjs/loader.js:887:19)\n    at require (internal/modules/cjs/helpers.js:85:18)\n    at Object.<anonymous> (/home/app/server/index.js:12:20)\n    at Module._compile (internal/modules/cjs/loader.js:999:30)\n    at Object.Module._extensions..js (internal/modules/cjs/loader.js:1027:10)","exception":true,"date":"Tue Jul 01 2025 13:10:25 GMT+0000 (Coordinated Universal Time)","process":{"pid":171282,"uid":0,"gid":0,"cwd":"/home/app","execPath":"/usr/bin/node","version":"v12.22.9","argv":["/usr/bin/node","/home/app/server/index.js"],"memoryUsage":{"rss":68976640,"heapTotal":32231424,"heapUsed":18816760,"external":1775961,"arrayBuffers":414806}},"os":{"loadavg":[0.51,0.51,0.46],"uptime":1602043.42},"trace":[{"column":16,"file":"internal/modules/cjs/loader.js","function":"wrapSafe","line":915,"method":null,"native":false},{"column":27,"file":"internal/modules/cjs/loader.js","function":"Module._compile","line":963,"method":"_compile","native":false},{"column":10,"file":"internal/modules/cjs/loader.js","function":"Module._extensions..js","line":1027,"method":".js","native":false},{"column":32,"file":"internal/modules/cjs/loader.js","function":"Module.load","line":863,"method":"load","native":false},{"column":14,"file":"internal/modules/cjs/loader.js","function":"Module._load","line":708,"method":"_load","native":false},{"column":19,"file":"internal/modules/cjs/loader.js","function":"Module.require","line":887,"method":"require","native":false},{"column":18,"file":"internal/modules/cjs/helpers.js","function":"require","line":85,"method":null,"native":false},{"column":20,"file":"/home/app/server/index.js","function":null,"line":12,"method":null,"native":false},{"column":30,"file":"internal/modules/cjs/loader.js","function":"Module._compile","line":999,"method":"_compile","native":false},{"column":10,"file":"internal/modules/cjs/loader.js","function":"Module._extensions..js","line":1027,"method":".js","native":false}]}
2025-07-01 13:15:53 [ERROR] uncaughtException: Unexpected token '.'
/home/app/server/routes/auth.js:104
    const token = req.headers.authorization?.replace('Bearer ', '');
                                            ^

SyntaxError: Unexpected token '.'
    at wrapSafe (internal/modules/cjs/loader.js:915:16)
    at Module._compile (internal/modules/cjs/loader.js:963:27)
    at Object.Module._extensions..js (internal/modules/cjs/loader.js:1027:10)
    at Module.load (internal/modules/cjs/loader.js:863:32)
    at Function.Module._load (internal/modules/cjs/loader.js:708:14)
    at Module.require (internal/modules/cjs/loader.js:887:19)
    at require (internal/modules/cjs/helpers.js:85:18)
    at Object.<anonymous> (/home/app/server/index.js:12:20)
    at Module._compile (internal/modules/cjs/loader.js:999:30)
    at Object.Module._extensions..js (internal/modules/cjs/loader.js:1027:10) {"error":{},"stack":"/home/app/server/routes/auth.js:104\n    const token = req.headers.authorization?.replace('Bearer ', '');\n                                            ^\n\nSyntaxError: Unexpected token '.'\n    at wrapSafe (internal/modules/cjs/loader.js:915:16)\n    at Module._compile (internal/modules/cjs/loader.js:963:27)\n    at Object.Module._extensions..js (internal/modules/cjs/loader.js:1027:10)\n    at Module.load (internal/modules/cjs/loader.js:863:32)\n    at Function.Module._load (internal/modules/cjs/loader.js:708:14)\n    at Module.require (internal/modules/cjs/loader.js:887:19)\n    at require (internal/modules/cjs/helpers.js:85:18)\n    at Object.<anonymous> (/home/app/server/index.js:12:20)\n    at Module._compile (internal/modules/cjs/loader.js:999:30)\n    at Object.Module._extensions..js (internal/modules/cjs/loader.js:1027:10)","exception":true,"date":"Tue Jul 01 2025 13:15:53 GMT+0000 (Coordinated Universal Time)","process":{"pid":171471,"uid":0,"gid":0,"cwd":"/home/app","execPath":"/usr/bin/node","version":"v12.22.9","argv":["/usr/bin/node","/home/app/server/index.js"],"memoryUsage":{"rss":69337088,"heapTotal":32493568,"heapUsed":18676968,"external":1725353,"arrayBuffers":364198}},"os":{"loadavg":[0.68,0.51,0.46],"uptime":1602371.35},"trace":[{"column":16,"file":"internal/modules/cjs/loader.js","function":"wrapSafe","line":915,"method":null,"native":false},{"column":27,"file":"internal/modules/cjs/loader.js","function":"Module._compile","line":963,"method":"_compile","native":false},{"column":10,"file":"internal/modules/cjs/loader.js","function":"Module._extensions..js","line":1027,"method":".js","native":false},{"column":32,"file":"internal/modules/cjs/loader.js","function":"Module.load","line":863,"method":"load","native":false},{"column":14,"file":"internal/modules/cjs/loader.js","function":"Module._load","line":708,"method":"_load","native":false},{"column":19,"file":"internal/modules/cjs/loader.js","function":"Module.require","line":887,"method":"require","native":false},{"column":18,"file":"internal/modules/cjs/helpers.js","function":"require","line":85,"method":null,"native":false},{"column":20,"file":"/home/app/server/index.js","function":null,"line":12,"method":null,"native":false},{"column":30,"file":"internal/modules/cjs/loader.js","function":"Module._compile","line":999,"method":"_compile","native":false},{"column":10,"file":"internal/modules/cjs/loader.js","function":"Module._extensions..js","line":1027,"method":".js","native":false}]}
2025-07-01 13:26:26 [ERROR] uncaughtException: Unexpected token '.'
/home/app/server/routes/auth.js:104
    const token = req.headers.authorization?.replace('Bearer ', '');
                                            ^

SyntaxError: Unexpected token '.'
    at wrapSafe (internal/modules/cjs/loader.js:915:16)
    at Module._compile (internal/modules/cjs/loader.js:963:27)
    at Object.Module._extensions..js (internal/modules/cjs/loader.js:1027:10)
    at Module.load (internal/modules/cjs/loader.js:863:32)
    at Function.Module._load (internal/modules/cjs/loader.js:708:14)
    at Module.require (internal/modules/cjs/loader.js:887:19)
    at require (internal/modules/cjs/helpers.js:85:18)
    at Object.<anonymous> (/home/app/server/index.js:12:20)
    at Module._compile (internal/modules/cjs/loader.js:999:30)
    at Object.Module._extensions..js (internal/modules/cjs/loader.js:1027:10) {"error":{},"stack":"/home/app/server/routes/auth.js:104\n    const token = req.headers.authorization?.replace('Bearer ', '');\n                                            ^\n\nSyntaxError: Unexpected token '.'\n    at wrapSafe (internal/modules/cjs/loader.js:915:16)\n    at Module._compile (internal/modules/cjs/loader.js:963:27)\n    at Object.Module._extensions..js (internal/modules/cjs/loader.js:1027:10)\n    at Module.load (internal/modules/cjs/loader.js:863:32)\n    at Function.Module._load (internal/modules/cjs/loader.js:708:14)\n    at Module.require (internal/modules/cjs/loader.js:887:19)\n    at require (internal/modules/cjs/helpers.js:85:18)\n    at Object.<anonymous> (/home/app/server/index.js:12:20)\n    at Module._compile (internal/modules/cjs/loader.js:999:30)\n    at Object.Module._extensions..js (internal/modules/cjs/loader.js:1027:10)","exception":true,"date":"Tue Jul 01 2025 13:26:26 GMT+0000 (Coordinated Universal Time)","process":{"pid":172292,"uid":0,"gid":0,"cwd":"/home/app","execPath":"/usr/bin/node","version":"v12.22.9","argv":["/usr/bin/node","/home/app/server/index.js"],"memoryUsage":{"rss":68534272,"heapTotal":32755712,"heapUsed":18791544,"external":1761904,"arrayBuffers":388518}},"os":{"loadavg":[0.06,0.22,0.34],"uptime":1603004.68},"trace":[{"column":16,"file":"internal/modules/cjs/loader.js","function":"wrapSafe","line":915,"method":null,"native":false},{"column":27,"file":"internal/modules/cjs/loader.js","function":"Module._compile","line":963,"method":"_compile","native":false},{"column":10,"file":"internal/modules/cjs/loader.js","function":"Module._extensions..js","line":1027,"method":".js","native":false},{"column":32,"file":"internal/modules/cjs/loader.js","function":"Module.load","line":863,"method":"load","native":false},{"column":14,"file":"internal/modules/cjs/loader.js","function":"Module._load","line":708,"method":"_load","native":false},{"column":19,"file":"internal/modules/cjs/loader.js","function":"Module.require","line":887,"method":"require","native":false},{"column":18,"file":"internal/modules/cjs/helpers.js","function":"require","line":85,"method":null,"native":false},{"column":20,"file":"/home/app/server/index.js","function":null,"line":12,"method":null,"native":false},{"column":30,"file":"internal/modules/cjs/loader.js","function":"Module._compile","line":999,"method":"_compile","native":false},{"column":10,"file":"internal/modules/cjs/loader.js","function":"Module._extensions..js","line":1027,"method":".js","native":false}]}
