2025-07-03 01:02:28 [ERROR] uncaughtException: listen EADDRINUSE: address already in use :::3000
Error: listen EADDRINUSE: address already in use :::3000
    at Server.setupListenHandle [as _listen2] (node:net:1817:16)
    at listenInCluster (node:net:1865:12)
    at Server.listen (node:net:1953:7)
    at startServer (/home/app/server/index.js:140:12) {"error":{"code":"EADDRINUSE","errno":-98,"syscall":"listen","address":"::","port":3000},"stack":"Error: listen EADDRINUSE: address already in use :::3000\n    at Server.setupListenHandle [as _listen2] (node:net:1817:16)\n    at listenInCluster (node:net:1865:12)\n    at Server.listen (node:net:1953:7)\n    at startServer (/home/app/server/index.js:140:12)","exception":true,"date":"Thu Jul 03 2025 01:02:28 GMT+0000 (Coordinated Universal Time)","process":{"pid":213960,"uid":0,"gid":0,"cwd":"/home/app","execPath":"/root/.nvm/versions/node/v18.20.8/bin/node","version":"v18.20.8","argv":["/root/.nvm/versions/node/v18.20.8/bin/node","/home/app/server/index.js"],"memoryUsage":{"rss":97873920,"heapTotal":56946688,"heapUsed":30512720,"external":1374939,"arrayBuffers":164653}},"os":{"loadavg":[2.76,1.35,0.78],"uptime":1731165.96},"trace":[{"column":16,"file":"node:net","function":"Server.setupListenHandle [as _listen2]","line":1817,"method":"setupListenHandle [as _listen2]","native":false},{"column":12,"file":"node:net","function":"listenInCluster","line":1865,"method":null,"native":false},{"column":7,"file":"node:net","function":"Server.listen","line":1953,"method":"listen","native":false},{"column":12,"file":"/home/app/server/index.js","function":"startServer","line":140,"method":null,"native":false}]}
2025-07-03 01:05:42 [ERROR] uncaughtException: listen EADDRINUSE: address already in use :::3000
Error: listen EADDRINUSE: address already in use :::3000
    at Server.setupListenHandle [as _listen2] (node:net:1817:16)
    at listenInCluster (node:net:1865:12)
    at Server.listen (node:net:1953:7)
    at startServer (/home/app/server/index.js:140:12) {"error":{"code":"EADDRINUSE","errno":-98,"syscall":"listen","address":"::","port":3000},"stack":"Error: listen EADDRINUSE: address already in use :::3000\n    at Server.setupListenHandle [as _listen2] (node:net:1817:16)\n    at listenInCluster (node:net:1865:12)\n    at Server.listen (node:net:1953:7)\n    at startServer (/home/app/server/index.js:140:12)","exception":true,"date":"Thu Jul 03 2025 01:05:42 GMT+0000 (Coordinated Universal Time)","process":{"pid":221242,"uid":0,"gid":0,"cwd":"/home/app","execPath":"/root/.nvm/versions/node/v18.20.8/bin/node","version":"v18.20.8","argv":["/root/.nvm/versions/node/v18.20.8/bin/node","/home/app/server/index.js"],"memoryUsage":{"rss":96964608,"heapTotal":56684544,"heapUsed":30531280,"external":1484514,"arrayBuffers":296363}},"os":{"loadavg":[0.75,0.97,0.73],"uptime":1731360.03},"trace":[{"column":16,"file":"node:net","function":"Server.setupListenHandle [as _listen2]","line":1817,"method":"setupListenHandle [as _listen2]","native":false},{"column":12,"file":"node:net","function":"listenInCluster","line":1865,"method":null,"native":false},{"column":7,"file":"node:net","function":"Server.listen","line":1953,"method":"listen","native":false},{"column":12,"file":"/home/app/server/index.js","function":"startServer","line":140,"method":null,"native":false}]}
2025-07-03 01:08:11 [ERROR] uncaughtException: listen EADDRINUSE: address already in use :::3000
Error: listen EADDRINUSE: address already in use :::3000
    at Server.setupListenHandle [as _listen2] (node:net:1817:16)
    at listenInCluster (node:net:1865:12)
    at Server.listen (node:net:1953:7)
    at startServer (/home/app/server/index.js:145:12) {"error":{"code":"EADDRINUSE","errno":-98,"syscall":"listen","address":"::","port":3000},"stack":"Error: listen EADDRINUSE: address already in use :::3000\n    at Server.setupListenHandle [as _listen2] (node:net:1817:16)\n    at listenInCluster (node:net:1865:12)\n    at Server.listen (node:net:1953:7)\n    at startServer (/home/app/server/index.js:145:12)","exception":true,"date":"Thu Jul 03 2025 01:08:11 GMT+0000 (Coordinated Universal Time)","process":{"pid":226489,"uid":0,"gid":0,"cwd":"/home/app","execPath":"/root/.nvm/versions/node/v18.20.8/bin/node","version":"v18.20.8","argv":["/root/.nvm/versions/node/v18.20.8/bin/node","/home/app/server/index.js"],"memoryUsage":{"rss":87240704,"heapTotal":38334464,"heapUsed":22935200,"external":1934318,"arrayBuffers":102789}},"os":{"loadavg":[1.08,0.94,0.75],"uptime":1731509.51},"trace":[{"column":16,"file":"node:net","function":"Server.setupListenHandle [as _listen2]","line":1817,"method":"setupListenHandle [as _listen2]","native":false},{"column":12,"file":"node:net","function":"listenInCluster","line":1865,"method":null,"native":false},{"column":7,"file":"node:net","function":"Server.listen","line":1953,"method":"listen","native":false},{"column":12,"file":"/home/app/server/index.js","function":"startServer","line":145,"method":null,"native":false}]}
2025-07-03 01:09:27 [ERROR] uncaughtException: listen EADDRINUSE: address already in use :::3000
Error: listen EADDRINUSE: address already in use :::3000
    at Server.setupListenHandle [as _listen2] (node:net:1817:16)
    at listenInCluster (node:net:1865:12)
    at Server.listen (node:net:1953:7)
    at startServer (/home/app/server/index.js:145:12) {"error":{"code":"EADDRINUSE","errno":-98,"syscall":"listen","address":"::","port":3000},"stack":"Error: listen EADDRINUSE: address already in use :::3000\n    at Server.setupListenHandle [as _listen2] (node:net:1817:16)\n    at listenInCluster (node:net:1865:12)\n    at Server.listen (node:net:1953:7)\n    at startServer (/home/app/server/index.js:145:12)","exception":true,"date":"Thu Jul 03 2025 01:09:27 GMT+0000 (Coordinated Universal Time)","process":{"pid":229457,"uid":0,"gid":0,"cwd":"/home/app","execPath":"/root/.nvm/versions/node/v18.20.8/bin/node","version":"v18.20.8","argv":["/root/.nvm/versions/node/v18.20.8/bin/node","/home/app/server/index.js"],"memoryUsage":{"rss":88203264,"heapTotal":38596608,"heapUsed":23899312,"external":1445533,"arrayBuffers":235247}},"os":{"loadavg":[0.76,0.89,0.75],"uptime":1731584.9},"trace":[{"column":16,"file":"node:net","function":"Server.setupListenHandle [as _listen2]","line":1817,"method":"setupListenHandle [as _listen2]","native":false},{"column":12,"file":"node:net","function":"listenInCluster","line":1865,"method":null,"native":false},{"column":7,"file":"node:net","function":"Server.listen","line":1953,"method":"listen","native":false},{"column":12,"file":"/home/app/server/index.js","function":"startServer","line":145,"method":null,"native":false}]}
2025-07-03 01:09:41 [ERROR] uncaughtException: listen EADDRINUSE: address already in use :::3000
Error: listen EADDRINUSE: address already in use :::3000
    at Server.setupListenHandle [as _listen2] (node:net:1817:16)
    at listenInCluster (node:net:1865:12)
    at Server.listen (node:net:1953:7)
    at startServer (/home/app/server/index.js:145:12) {"error":{"code":"EADDRINUSE","errno":-98,"syscall":"listen","address":"::","port":3000},"stack":"Error: listen EADDRINUSE: address already in use :::3000\n    at Server.setupListenHandle [as _listen2] (node:net:1817:16)\n    at listenInCluster (node:net:1865:12)\n    at Server.listen (node:net:1953:7)\n    at startServer (/home/app/server/index.js:145:12)","exception":true,"date":"Thu Jul 03 2025 01:09:41 GMT+0000 (Coordinated Universal Time)","process":{"pid":230112,"uid":0,"gid":0,"cwd":"/home/app","execPath":"/root/.nvm/versions/node/v18.20.8/bin/node","version":"v18.20.8","argv":["/root/.nvm/versions/node/v18.20.8/bin/node","/home/app/server/index.js"],"memoryUsage":{"rss":88371200,"heapTotal":39120896,"heapUsed":23674328,"external":2075097,"arrayBuffers":300409}},"os":{"loadavg":[0.64,0.86,0.74],"uptime":1731599.37},"trace":[{"column":16,"file":"node:net","function":"Server.setupListenHandle [as _listen2]","line":1817,"method":"setupListenHandle [as _listen2]","native":false},{"column":12,"file":"node:net","function":"listenInCluster","line":1865,"method":null,"native":false},{"column":7,"file":"node:net","function":"Server.listen","line":1953,"method":"listen","native":false},{"column":12,"file":"/home/app/server/index.js","function":"startServer","line":145,"method":null,"native":false}]}
2025-07-03 01:15:14 [ERROR] uncaughtException: listen EADDRINUSE: address already in use :::3000
Error: listen EADDRINUSE: address already in use :::3000
    at Server.setupListenHandle [as _listen2] (node:net:1817:16)
    at listenInCluster (node:net:1865:12)
    at Server.listen (node:net:1953:7)
    at startServer (/home/app/server/index.js:145:12) {"error":{"code":"EADDRINUSE","errno":-98,"syscall":"listen","address":"::","port":3000},"stack":"Error: listen EADDRINUSE: address already in use :::3000\n    at Server.setupListenHandle [as _listen2] (node:net:1817:16)\n    at listenInCluster (node:net:1865:12)\n    at Server.listen (node:net:1953:7)\n    at startServer (/home/app/server/index.js:145:12)","exception":true,"date":"Thu Jul 03 2025 01:15:14 GMT+0000 (Coordinated Universal Time)","process":{"pid":241620,"uid":0,"gid":0,"cwd":"/home/app","execPath":"/root/.nvm/versions/node/v18.20.8/bin/node","version":"v18.20.8","argv":["/root/.nvm/versions/node/v18.20.8/bin/node","/home/app/server/index.js"],"memoryUsage":{"rss":88739840,"heapTotal":38596608,"heapUsed":23658840,"external":1422081,"arrayBuffers":211795}},"os":{"loadavg":[0.43,0.86,0.8],"uptime":1731932.83},"trace":[{"column":16,"file":"node:net","function":"Server.setupListenHandle [as _listen2]","line":1817,"method":"setupListenHandle [as _listen2]","native":false},{"column":12,"file":"node:net","function":"listenInCluster","line":1865,"method":null,"native":false},{"column":7,"file":"node:net","function":"Server.listen","line":1953,"method":"listen","native":false},{"column":12,"file":"/home/app/server/index.js","function":"startServer","line":145,"method":null,"native":false}]}
2025-07-03 01:15:54 [ERROR] uncaughtException: listen EADDRINUSE: address already in use :::3000
Error: listen EADDRINUSE: address already in use :::3000
    at Server.setupListenHandle [as _listen2] (node:net:1817:16)
    at listenInCluster (node:net:1865:12)
    at Server.listen (node:net:1953:7)
    at startServer (/home/app/server/index.js:145:12) {"error":{"code":"EADDRINUSE","errno":-98,"syscall":"listen","address":"::","port":3000},"stack":"Error: listen EADDRINUSE: address already in use :::3000\n    at Server.setupListenHandle [as _listen2] (node:net:1817:16)\n    at listenInCluster (node:net:1865:12)\n    at Server.listen (node:net:1953:7)\n    at startServer (/home/app/server/index.js:145:12)","exception":true,"date":"Thu Jul 03 2025 01:15:54 GMT+0000 (Coordinated Universal Time)","process":{"pid":243188,"uid":0,"gid":0,"cwd":"/home/app","execPath":"/root/.nvm/versions/node/v18.20.8/bin/node","version":"v18.20.8","argv":["/root/.nvm/versions/node/v18.20.8/bin/node","/home/app/server/index.js"],"memoryUsage":{"rss":88481792,"heapTotal":38858752,"heapUsed":23886664,"external":1428931,"arrayBuffers":218645}},"os":{"loadavg":[0.38,0.8,0.79],"uptime":1731972.55},"trace":[{"column":16,"file":"node:net","function":"Server.setupListenHandle [as _listen2]","line":1817,"method":"setupListenHandle [as _listen2]","native":false},{"column":12,"file":"node:net","function":"listenInCluster","line":1865,"method":null,"native":false},{"column":7,"file":"node:net","function":"Server.listen","line":1953,"method":"listen","native":false},{"column":12,"file":"/home/app/server/index.js","function":"startServer","line":145,"method":null,"native":false}]}
2025-07-03 01:16:24 [ERROR] uncaughtException: listen EADDRINUSE: address already in use :::3000
Error: listen EADDRINUSE: address already in use :::3000
    at Server.setupListenHandle [as _listen2] (node:net:1817:16)
    at listenInCluster (node:net:1865:12)
    at Server.listen (node:net:1953:7)
    at startServer (/home/app/server/index.js:145:12) {"error":{"code":"EADDRINUSE","errno":-98,"syscall":"listen","address":"::","port":3000},"stack":"Error: listen EADDRINUSE: address already in use :::3000\n    at Server.setupListenHandle [as _listen2] (node:net:1817:16)\n    at listenInCluster (node:net:1865:12)\n    at Server.listen (node:net:1953:7)\n    at startServer (/home/app/server/index.js:145:12)","exception":true,"date":"Thu Jul 03 2025 01:16:24 GMT+0000 (Coordinated Universal Time)","process":{"pid":244327,"uid":0,"gid":0,"cwd":"/home/app","execPath":"/root/.nvm/versions/node/v18.20.8/bin/node","version":"v18.20.8","argv":["/root/.nvm/versions/node/v18.20.8/bin/node","/home/app/server/index.js"],"memoryUsage":{"rss":88641536,"heapTotal":38596608,"heapUsed":23820208,"external":1429149,"arrayBuffers":218863}},"os":{"loadavg":[0.28,0.74,0.76],"uptime":1732001.89},"trace":[{"column":16,"file":"node:net","function":"Server.setupListenHandle [as _listen2]","line":1817,"method":"setupListenHandle [as _listen2]","native":false},{"column":12,"file":"node:net","function":"listenInCluster","line":1865,"method":null,"native":false},{"column":7,"file":"node:net","function":"Server.listen","line":1953,"method":"listen","native":false},{"column":12,"file":"/home/app/server/index.js","function":"startServer","line":145,"method":null,"native":false}]}
2025-07-03 01:16:34 [ERROR] uncaughtException: listen EADDRINUSE: address already in use :::3000
Error: listen EADDRINUSE: address already in use :::3000
    at Server.setupListenHandle [as _listen2] (node:net:1817:16)
    at listenInCluster (node:net:1865:12)
    at Server.listen (node:net:1953:7)
    at startServer (/home/app/server/index.js:145:12) {"error":{"code":"EADDRINUSE","errno":-98,"syscall":"listen","address":"::","port":3000},"stack":"Error: listen EADDRINUSE: address already in use :::3000\n    at Server.setupListenHandle [as _listen2] (node:net:1817:16)\n    at listenInCluster (node:net:1865:12)\n    at Server.listen (node:net:1953:7)\n    at startServer (/home/app/server/index.js:145:12)","exception":true,"date":"Thu Jul 03 2025 01:16:34 GMT+0000 (Coordinated Universal Time)","process":{"pid":244735,"uid":0,"gid":0,"cwd":"/home/app","execPath":"/root/.nvm/versions/node/v18.20.8/bin/node","version":"v18.20.8","argv":["/root/.nvm/versions/node/v18.20.8/bin/node","/home/app/server/index.js"],"memoryUsage":{"rss":88195072,"heapTotal":38858752,"heapUsed":23739448,"external":1368059,"arrayBuffers":157773}},"os":{"loadavg":[0.31,0.73,0.76],"uptime":1732012.15},"trace":[{"column":16,"file":"node:net","function":"Server.setupListenHandle [as _listen2]","line":1817,"method":"setupListenHandle [as _listen2]","native":false},{"column":12,"file":"node:net","function":"listenInCluster","line":1865,"method":null,"native":false},{"column":7,"file":"node:net","function":"Server.listen","line":1953,"method":"listen","native":false},{"column":12,"file":"/home/app/server/index.js","function":"startServer","line":145,"method":null,"native":false}]}
2025-07-03 01:16:45 [ERROR] uncaughtException: listen EADDRINUSE: address already in use :::3000
Error: listen EADDRINUSE: address already in use :::3000
    at Server.setupListenHandle [as _listen2] (node:net:1817:16)
    at listenInCluster (node:net:1865:12)
    at Server.listen (node:net:1953:7)
    at startServer (/home/app/server/index.js:145:12) {"error":{"code":"EADDRINUSE","errno":-98,"syscall":"listen","address":"::","port":3000},"stack":"Error: listen EADDRINUSE: address already in use :::3000\n    at Server.setupListenHandle [as _listen2] (node:net:1817:16)\n    at listenInCluster (node:net:1865:12)\n    at Server.listen (node:net:1953:7)\n    at startServer (/home/app/server/index.js:145:12)","exception":true,"date":"Thu Jul 03 2025 01:16:45 GMT+0000 (Coordinated Universal Time)","process":{"pid":245121,"uid":0,"gid":0,"cwd":"/home/app","execPath":"/root/.nvm/versions/node/v18.20.8/bin/node","version":"v18.20.8","argv":["/root/.nvm/versions/node/v18.20.8/bin/node","/home/app/server/index.js"],"memoryUsage":{"rss":88932352,"heapTotal":39120896,"heapUsed":23919496,"external":1437123,"arrayBuffers":226837}},"os":{"loadavg":[0.26,0.7,0.75],"uptime":1732023.05},"trace":[{"column":16,"file":"node:net","function":"Server.setupListenHandle [as _listen2]","line":1817,"method":"setupListenHandle [as _listen2]","native":false},{"column":12,"file":"node:net","function":"listenInCluster","line":1865,"method":null,"native":false},{"column":7,"file":"node:net","function":"Server.listen","line":1953,"method":"listen","native":false},{"column":12,"file":"/home/app/server/index.js","function":"startServer","line":145,"method":null,"native":false}]}
2025-07-03 01:17:16 [ERROR] uncaughtException: listen EADDRINUSE: address already in use :::3000
Error: listen EADDRINUSE: address already in use :::3000
    at Server.setupListenHandle [as _listen2] (node:net:1817:16)
    at listenInCluster (node:net:1865:12)
    at Server.listen (node:net:1953:7)
    at startServer (/home/app/server/index.js:145:12) {"error":{"code":"EADDRINUSE","errno":-98,"syscall":"listen","address":"::","port":3000},"stack":"Error: listen EADDRINUSE: address already in use :::3000\n    at Server.setupListenHandle [as _listen2] (node:net:1817:16)\n    at listenInCluster (node:net:1865:12)\n    at Server.listen (node:net:1953:7)\n    at startServer (/home/app/server/index.js:145:12)","exception":true,"date":"Thu Jul 03 2025 01:17:16 GMT+0000 (Coordinated Universal Time)","process":{"pid":246467,"uid":0,"gid":0,"cwd":"/home/app","execPath":"/root/.nvm/versions/node/v18.20.8/bin/node","version":"v18.20.8","argv":["/root/.nvm/versions/node/v18.20.8/bin/node","/home/app/server/index.js"],"memoryUsage":{"rss":88076288,"heapTotal":38596608,"heapUsed":23911392,"external":1455732,"arrayBuffers":245446}},"os":{"loadavg":[0.6,0.72,0.76],"uptime":1732054.77},"trace":[{"column":16,"file":"node:net","function":"Server.setupListenHandle [as _listen2]","line":1817,"method":"setupListenHandle [as _listen2]","native":false},{"column":12,"file":"node:net","function":"listenInCluster","line":1865,"method":null,"native":false},{"column":7,"file":"node:net","function":"Server.listen","line":1953,"method":"listen","native":false},{"column":12,"file":"/home/app/server/index.js","function":"startServer","line":145,"method":null,"native":false}]}
2025-07-03 01:17:30 [ERROR] uncaughtException: listen EADDRINUSE: address already in use :::3000
Error: listen EADDRINUSE: address already in use :::3000
    at Server.setupListenHandle [as _listen2] (node:net:1817:16)
    at listenInCluster (node:net:1865:12)
    at Server.listen (node:net:1953:7)
    at startServer (/home/app/server/index.js:145:12) {"error":{"code":"EADDRINUSE","errno":-98,"syscall":"listen","address":"::","port":3000},"stack":"Error: listen EADDRINUSE: address already in use :::3000\n    at Server.setupListenHandle [as _listen2] (node:net:1817:16)\n    at listenInCluster (node:net:1865:12)\n    at Server.listen (node:net:1953:7)\n    at startServer (/home/app/server/index.js:145:12)","exception":true,"date":"Thu Jul 03 2025 01:17:30 GMT+0000 (Coordinated Universal Time)","process":{"pid":246957,"uid":0,"gid":0,"cwd":"/home/app","execPath":"/root/.nvm/versions/node/v18.20.8/bin/node","version":"v18.20.8","argv":["/root/.nvm/versions/node/v18.20.8/bin/node","/home/app/server/index.js"],"memoryUsage":{"rss":88084480,"heapTotal":39120896,"heapUsed":23575792,"external":2162265,"arrayBuffers":316793}},"os":{"loadavg":[1.11,0.83,0.79],"uptime":1732068.48},"trace":[{"column":16,"file":"node:net","function":"Server.setupListenHandle [as _listen2]","line":1817,"method":"setupListenHandle [as _listen2]","native":false},{"column":12,"file":"node:net","function":"listenInCluster","line":1865,"method":null,"native":false},{"column":7,"file":"node:net","function":"Server.listen","line":1953,"method":"listen","native":false},{"column":12,"file":"/home/app/server/index.js","function":"startServer","line":145,"method":null,"native":false}]}
2025-07-03 01:19:11 [ERROR] uncaughtException: listen EADDRINUSE: address already in use :::3000
Error: listen EADDRINUSE: address already in use :::3000
    at Server.setupListenHandle [as _listen2] (node:net:1817:16)
    at listenInCluster (node:net:1865:12)
    at Server.listen (node:net:1953:7)
    at startServer (/home/app/server/index.js:145:12) {"error":{"code":"EADDRINUSE","errno":-98,"syscall":"listen","address":"::","port":3000},"stack":"Error: listen EADDRINUSE: address already in use :::3000\n    at Server.setupListenHandle [as _listen2] (node:net:1817:16)\n    at listenInCluster (node:net:1865:12)\n    at Server.listen (node:net:1953:7)\n    at startServer (/home/app/server/index.js:145:12)","exception":true,"date":"Thu Jul 03 2025 01:19:11 GMT+0000 (Coordinated Universal Time)","process":{"pid":251268,"uid":0,"gid":0,"cwd":"/home/app","execPath":"/root/.nvm/versions/node/v18.20.8/bin/node","version":"v18.20.8","argv":["/root/.nvm/versions/node/v18.20.8/bin/node","/home/app/server/index.js"],"memoryUsage":{"rss":87863296,"heapTotal":38596608,"heapUsed":23881032,"external":1431156,"arrayBuffers":220870}},"os":{"loadavg":[2.69,1.39,0.99],"uptime":1732169.28},"trace":[{"column":16,"file":"node:net","function":"Server.setupListenHandle [as _listen2]","line":1817,"method":"setupListenHandle [as _listen2]","native":false},{"column":12,"file":"node:net","function":"listenInCluster","line":1865,"method":null,"native":false},{"column":7,"file":"node:net","function":"Server.listen","line":1953,"method":"listen","native":false},{"column":12,"file":"/home/app/server/index.js","function":"startServer","line":145,"method":null,"native":false}]}
2025-07-03 01:19:40 [ERROR] uncaughtException: listen EADDRINUSE: address already in use :::3000
Error: listen EADDRINUSE: address already in use :::3000
    at Server.setupListenHandle [as _listen2] (node:net:1817:16)
    at listenInCluster (node:net:1865:12)
    at Server.listen (node:net:1953:7)
    at startServer (/home/app/server/index.js:145:12) {"error":{"code":"EADDRINUSE","errno":-98,"syscall":"listen","address":"::","port":3000},"stack":"Error: listen EADDRINUSE: address already in use :::3000\n    at Server.setupListenHandle [as _listen2] (node:net:1817:16)\n    at listenInCluster (node:net:1865:12)\n    at Server.listen (node:net:1953:7)\n    at startServer (/home/app/server/index.js:145:12)","exception":true,"date":"Thu Jul 03 2025 01:19:40 GMT+0000 (Coordinated Universal Time)","process":{"pid":252483,"uid":0,"gid":0,"cwd":"/home/app","execPath":"/root/.nvm/versions/node/v18.20.8/bin/node","version":"v18.20.8","argv":["/root/.nvm/versions/node/v18.20.8/bin/node","/home/app/server/index.js"],"memoryUsage":{"rss":88686592,"heapTotal":39645184,"heapUsed":22284752,"external":2432134,"arrayBuffers":818429}},"os":{"loadavg":[2.34,1.44,1.02],"uptime":1732197.86},"trace":[{"column":16,"file":"node:net","function":"Server.setupListenHandle [as _listen2]","line":1817,"method":"setupListenHandle [as _listen2]","native":false},{"column":12,"file":"node:net","function":"listenInCluster","line":1865,"method":null,"native":false},{"column":7,"file":"node:net","function":"Server.listen","line":1953,"method":"listen","native":false},{"column":12,"file":"/home/app/server/index.js","function":"startServer","line":145,"method":null,"native":false}]}
2025-07-03 01:21:16 [ERROR] uncaughtException: listen EADDRINUSE: address already in use :::3000
Error: listen EADDRINUSE: address already in use :::3000
    at Server.setupListenHandle [as _listen2] (node:net:1817:16)
    at listenInCluster (node:net:1865:12)
    at Server.listen (node:net:1953:7)
    at startServer (/home/app/server/index.js:145:12) {"error":{"code":"EADDRINUSE","errno":-98,"syscall":"listen","address":"::","port":3000},"stack":"Error: listen EADDRINUSE: address already in use :::3000\n    at Server.setupListenHandle [as _listen2] (node:net:1817:16)\n    at listenInCluster (node:net:1865:12)\n    at Server.listen (node:net:1953:7)\n    at startServer (/home/app/server/index.js:145:12)","exception":true,"date":"Thu Jul 03 2025 01:21:16 GMT+0000 (Coordinated Universal Time)","process":{"pid":256401,"uid":0,"gid":0,"cwd":"/home/app","execPath":"/root/.nvm/versions/node/v18.20.8/bin/node","version":"v18.20.8","argv":["/root/.nvm/versions/node/v18.20.8/bin/node","/home/app/server/index.js"],"memoryUsage":{"rss":88240128,"heapTotal":39120896,"heapUsed":23588152,"external":2084044,"arrayBuffers":317548}},"os":{"loadavg":[1.5,1.4,1.05],"uptime":1732294.35},"trace":[{"column":16,"file":"node:net","function":"Server.setupListenHandle [as _listen2]","line":1817,"method":"setupListenHandle [as _listen2]","native":false},{"column":12,"file":"node:net","function":"listenInCluster","line":1865,"method":null,"native":false},{"column":7,"file":"node:net","function":"Server.listen","line":1953,"method":"listen","native":false},{"column":12,"file":"/home/app/server/index.js","function":"startServer","line":145,"method":null,"native":false}]}
2025-07-03 01:21:54 [ERROR] uncaughtException: listen EADDRINUSE: address already in use :::3000
Error: listen EADDRINUSE: address already in use :::3000
    at Server.setupListenHandle [as _listen2] (node:net:1817:16)
    at listenInCluster (node:net:1865:12)
    at Server.listen (node:net:1953:7)
    at startServer (/home/app/server/index.js:145:12) {"error":{"code":"EADDRINUSE","errno":-98,"syscall":"listen","address":"::","port":3000},"stack":"Error: listen EADDRINUSE: address already in use :::3000\n    at Server.setupListenHandle [as _listen2] (node:net:1817:16)\n    at listenInCluster (node:net:1865:12)\n    at Server.listen (node:net:1953:7)\n    at startServer (/home/app/server/index.js:145:12)","exception":true,"date":"Thu Jul 03 2025 01:21:54 GMT+0000 (Coordinated Universal Time)","process":{"pid":257733,"uid":0,"gid":0,"cwd":"/home/app","execPath":"/root/.nvm/versions/node/v18.20.8/bin/node","version":"v18.20.8","argv":["/root/.nvm/versions/node/v18.20.8/bin/node","/home/app/server/index.js"],"memoryUsage":{"rss":89571328,"heapTotal":38858752,"heapUsed":23860544,"external":1428931,"arrayBuffers":218645}},"os":{"loadavg":[1.3,1.36,1.05],"uptime":1732332.81},"trace":[{"column":16,"file":"node:net","function":"Server.setupListenHandle [as _listen2]","line":1817,"method":"setupListenHandle [as _listen2]","native":false},{"column":12,"file":"node:net","function":"listenInCluster","line":1865,"method":null,"native":false},{"column":7,"file":"node:net","function":"Server.listen","line":1953,"method":"listen","native":false},{"column":12,"file":"/home/app/server/index.js","function":"startServer","line":145,"method":null,"native":false}]}
2025-07-03 01:22:04 [ERROR] uncaughtException: listen EADDRINUSE: address already in use :::3000
Error: listen EADDRINUSE: address already in use :::3000
    at Server.setupListenHandle [as _listen2] (node:net:1817:16)
    at listenInCluster (node:net:1865:12)
    at Server.listen (node:net:1953:7)
    at startServer (/home/app/server/index.js:145:12) {"error":{"code":"EADDRINUSE","errno":-98,"syscall":"listen","address":"::","port":3000},"stack":"Error: listen EADDRINUSE: address already in use :::3000\n    at Server.setupListenHandle [as _listen2] (node:net:1817:16)\n    at listenInCluster (node:net:1865:12)\n    at Server.listen (node:net:1953:7)\n    at startServer (/home/app/server/index.js:145:12)","exception":true,"date":"Thu Jul 03 2025 01:22:04 GMT+0000 (Coordinated Universal Time)","process":{"pid":258374,"uid":0,"gid":0,"cwd":"/home/app","execPath":"/root/.nvm/versions/node/v18.20.8/bin/node","version":"v18.20.8","argv":["/root/.nvm/versions/node/v18.20.8/bin/node","/home/app/server/index.js"],"memoryUsage":{"rss":87695360,"heapTotal":38596608,"heapUsed":23854432,"external":1439348,"arrayBuffers":229062}},"os":{"loadavg":[1.48,1.4,1.06],"uptime":1732342.61},"trace":[{"column":16,"file":"node:net","function":"Server.setupListenHandle [as _listen2]","line":1817,"method":"setupListenHandle [as _listen2]","native":false},{"column":12,"file":"node:net","function":"listenInCluster","line":1865,"method":null,"native":false},{"column":7,"file":"node:net","function":"Server.listen","line":1953,"method":"listen","native":false},{"column":12,"file":"/home/app/server/index.js","function":"startServer","line":145,"method":null,"native":false}]}
2025-07-03 01:22:28 [ERROR] uncaughtException: listen EADDRINUSE: address already in use :::3000
Error: listen EADDRINUSE: address already in use :::3000
    at Server.setupListenHandle [as _listen2] (node:net:1817:16)
    at listenInCluster (node:net:1865:12)
    at Server.listen (node:net:1953:7)
    at startServer (/home/app/server/index.js:145:12) {"error":{"code":"EADDRINUSE","errno":-98,"syscall":"listen","address":"::","port":3000},"stack":"Error: listen EADDRINUSE: address already in use :::3000\n    at Server.setupListenHandle [as _listen2] (node:net:1817:16)\n    at listenInCluster (node:net:1865:12)\n    at Server.listen (node:net:1953:7)\n    at startServer (/home/app/server/index.js:145:12)","exception":true,"date":"Thu Jul 03 2025 01:22:28 GMT+0000 (Coordinated Universal Time)","process":{"pid":259361,"uid":0,"gid":0,"cwd":"/home/app","execPath":"/root/.nvm/versions/node/v18.20.8/bin/node","version":"v18.20.8","argv":["/root/.nvm/versions/node/v18.20.8/bin/node","/home/app/server/index.js"],"memoryUsage":{"rss":87932928,"heapTotal":38858752,"heapUsed":23992824,"external":1428931,"arrayBuffers":218739}},"os":{"loadavg":[1.44,1.4,1.07],"uptime":1732366.61},"trace":[{"column":16,"file":"node:net","function":"Server.setupListenHandle [as _listen2]","line":1817,"method":"setupListenHandle [as _listen2]","native":false},{"column":12,"file":"node:net","function":"listenInCluster","line":1865,"method":null,"native":false},{"column":7,"file":"node:net","function":"Server.listen","line":1953,"method":"listen","native":false},{"column":12,"file":"/home/app/server/index.js","function":"startServer","line":145,"method":null,"native":false}]}
2025-07-03 02:11:58 [ERROR] uncaughtException: listen EADDRINUSE: address already in use :::3000
Error: listen EADDRINUSE: address already in use :::3000
    at Server.setupListenHandle [as _listen2] (node:net:1817:16)
    at listenInCluster (node:net:1865:12)
    at Server.listen (node:net:1953:7)
    at startServer (/home/app/server/index.js:145:12) {"error":{"code":"EADDRINUSE","errno":-98,"syscall":"listen","address":"::","port":3000},"stack":"Error: listen EADDRINUSE: address already in use :::3000\n    at Server.setupListenHandle [as _listen2] (node:net:1817:16)\n    at listenInCluster (node:net:1865:12)\n    at Server.listen (node:net:1953:7)\n    at startServer (/home/app/server/index.js:145:12)","exception":true,"date":"Thu Jul 03 2025 02:11:58 GMT+0000 (Coordinated Universal Time)","process":{"pid":329203,"uid":0,"gid":0,"cwd":"/home/app","execPath":"/root/.nvm/versions/node/v18.20.8/bin/node","version":"v18.20.8","argv":["/root/.nvm/versions/node/v18.20.8/bin/node","/home/app/server/index.js"],"memoryUsage":{"rss":90021888,"heapTotal":39645184,"heapUsed":22604328,"external":2628786,"arrayBuffers":1003166}},"os":{"loadavg":[0.38,0.35,0.41],"uptime":1735336.82},"trace":[{"column":16,"file":"node:net","function":"Server.setupListenHandle [as _listen2]","line":1817,"method":"setupListenHandle [as _listen2]","native":false},{"column":12,"file":"node:net","function":"listenInCluster","line":1865,"method":null,"native":false},{"column":7,"file":"node:net","function":"Server.listen","line":1953,"method":"listen","native":false},{"column":12,"file":"/home/app/server/index.js","function":"startServer","line":145,"method":null,"native":false}]}
2025-07-03 17:36:31 [ERROR] uncaughtException: write EPIPE
Error: write EPIPE
    at afterWriteDispatched (node:internal/stream_base_commons:160:15)
    at writeGeneric (node:internal/stream_base_commons:151:3)
    at Socket._writeGeneric (node:net:962:11)
    at Socket._write (node:net:974:8)
    at writeOrBuffer (node:internal/streams/writable:392:12)
    at _write (node:internal/streams/writable:333:10)
    at Writable.write (node:internal/streams/writable:337:10)
    at Console.log (/home/app/node_modules/winston/lib/winston/transports/console.js:87:23)
    at Console._write (/home/app/node_modules/winston-transport/modern.js:103:17)
    at doWrite (/home/app/node_modules/winston-transport/node_modules/readable-stream/lib/_stream_writable.js:390:139) {"error":{"errno":-32,"code":"EPIPE","syscall":"write"},"stack":"Error: write EPIPE\n    at afterWriteDispatched (node:internal/stream_base_commons:160:15)\n    at writeGeneric (node:internal/stream_base_commons:151:3)\n    at Socket._writeGeneric (node:net:962:11)\n    at Socket._write (node:net:974:8)\n    at writeOrBuffer (node:internal/streams/writable:392:12)\n    at _write (node:internal/streams/writable:333:10)\n    at Writable.write (node:internal/streams/writable:337:10)\n    at Console.log (/home/app/node_modules/winston/lib/winston/transports/console.js:87:23)\n    at Console._write (/home/app/node_modules/winston-transport/modern.js:103:17)\n    at doWrite (/home/app/node_modules/winston-transport/node_modules/readable-stream/lib/_stream_writable.js:390:139)","exception":true,"date":"Thu Jul 03 2025 17:36:31 GMT+0000 (Coordinated Universal Time)","process":{"pid":858472,"uid":0,"gid":0,"cwd":"/home/app","execPath":"/root/.nvm/versions/node/v18.20.8/bin/node","version":"v18.20.8","argv":["/root/.nvm/versions/node/v18.20.8/bin/node","/home/app/server/index.js"],"memoryUsage":{"rss":161734656,"heapTotal":98996224,"heapUsed":71429808,"external":4285480,"arrayBuffers":1351049}},"os":{"loadavg":[0,0.01,0],"uptime":53662.12},"trace":[{"column":15,"file":"node:internal/stream_base_commons","function":"afterWriteDispatched","line":160,"method":null,"native":false},{"column":3,"file":"node:internal/stream_base_commons","function":"writeGeneric","line":151,"method":null,"native":false},{"column":11,"file":"node:net","function":"Socket._writeGeneric","line":962,"method":"_writeGeneric","native":false},{"column":8,"file":"node:net","function":"Socket._write","line":974,"method":"_write","native":false},{"column":12,"file":"node:internal/streams/writable","function":"writeOrBuffer","line":392,"method":null,"native":false},{"column":10,"file":"node:internal/streams/writable","function":"_write","line":333,"method":null,"native":false},{"column":10,"file":"node:internal/streams/writable","function":"Writable.write","line":337,"method":"write","native":false},{"column":23,"file":"/home/app/node_modules/winston/lib/winston/transports/console.js","function":"Console.log","line":87,"method":"log","native":false},{"column":17,"file":"/home/app/node_modules/winston-transport/modern.js","function":"Console._write","line":103,"method":"_write","native":false},{"column":139,"file":"/home/app/node_modules/winston-transport/node_modules/readable-stream/lib/_stream_writable.js","function":"doWrite","line":390,"method":null,"native":false}]}
